<?xml version="1.0" encoding="UTF-8"?>
<testng-results ignored="0" total="1" passed="1" failed="0" skipped="0">
  <reporter-output>
  </reporter-output>
  <suite started-at="2024-06-05T18:41:51 PDT" name="Default suite" finished-at="2024-06-05T18:41:52 PDT" duration-ms="837">
    <groups>
    </groups>
    <test started-at="2024-06-05T18:41:51 PDT" name="Default test" finished-at="2024-06-05T18:41:52 PDT" duration-ms="837">
      <class name="com.qa.tests.GetAPITest">
        <test-method is-config="true" signature="setUp()[pri:0, instance:com.qa.tests.GetAPITest@be64738]" started-at="2024-06-05T18:41:51 PDT" name="setUp" finished-at="2024-06-05T18:41:51 PDT" duration-ms="10" status="PASS">
          <reporter-output>
          </reporter-output>
        </test-method> <!-- setUp -->
        <test-method signature="getAPItest()[pri:0, instance:com.qa.tests.GetAPITest@be64738]" started-at="2024-06-05T18:41:51 PDT" name="getAPItest" finished-at="2024-06-05T18:41:52 PDT" duration-ms="780" status="PASS">
          <reporter-output>
          </reporter-output>
        </test-method> <!-- getAPItest -->
      </class> <!-- com.qa.tests.GetAPITest -->
    </test> <!-- Default test -->
  </suite> <!-- Default suite -->
</testng-results>
